\BOOKMARK [1][-]{section*.1}{Address}{}% 1
\BOOKMARK [1][-]{section*.2}{Interests}{}% 2
\BOOKMARK [1][-]{section*.3}{2016\205}{}% 3
\BOOKMARK [1][-]{section*.4}{2014\2052016}{}% 4
\BOOKMARK [1][-]{section*.5}{2013\2052014}{}% 5
\BOOKMARK [1][-]{section*.6}{2010\2052013}{}% 6
\BOOKMARK [1][-]{section*.7}{2008\2052010}{}% 7
\BOOKMARK [1][-]{section*.8}{2004\2052008}{}% 8
\BOOKMARK [1][-]{section*.9}{Research internships}{}% 9
\BOOKMARK [1][-]{section*.10}{Achievements and awards}{}% 10
\BOOKMARK [1][-]{section*.11}{Conference Papers}{}% 11
\BOOKMARK [1][-]{section*.12}{Journal Papers}{}% 12
\BOOKMARK [1][-]{section*.13}{Preprints}{}% 13
\BOOKMARK [1][-]{section*.14}{Teaching}{}% 14
\BOOKMARK [1][-]{section*.15}{Service}{}% 15
\BOOKMARK [1][-]{section*.16}{Invited Talks}{}% 16
\BOOKMARK [1][-]{section*.17}{Media coverage}{}% 17
\BOOKMARK [1][-]{section*.18}{Visits and consulting}{}% 18
\BOOKMARK [1][-]{section*.19}{Students mentored}{}% 19
\BOOKMARK [1][-]{section*.20}{Patents}{}% 20
\BOOKMARK [1][-]{section*.21}{Professional Membership}{}% 21
\BOOKMARK [1][-]{section*.22}{Technical skills}{}% 22
